Start testing: Jan 22 15:12 UTC
----------------------------------------------------------
1/4 Testing: TestModuleArgs
1/4 Test: TestModuleArgs
Command: "/home/runner/work/GK_Compilers_ModulesProject/GK_Compilers_ModulesProject/modules-template-project-main/build/tests/test_module_args" "arg90" "arg91" "arg92"
Directory: /home/runner/work/GK_Compilers_ModulesProject/GK_Compilers_ModulesProject/modules-template-project-main/build/tests
"TestModuleArgs" start time: Jan 22 15:12 UTC
Output:
----------------------------------------------------------
Error opening output file ./logs/2026_01_22_17_12_test_module_args.log. Check if subdirectory exists, otherwise create it and run again
Machine remote time Generated log filename (with time stamp): ./logs/2026_01_22_15_12_test_module_args.log
Generated log filename (with time stamp): ./logs/2026_01_22_17_12_test_module_args.log
See log of execution in stdout (filename ./logs/2026_01_22_17_12_test_module_args.log)
See log of execution in stdout (filename ./logs/2026_01_22_17_12_test_module_args.log)
Starting tests for Module args...
Starting tests for Module args...
Testing of module arguments not implemented. Not done. Here put all tests of process_arguments
Arguments received (4):
Argument 0: /home/runner/work/GK_Compilers_ModulesProject/GK_Compilers_ModulesProject/modules-template-project-main/build/tests/test_module_args
Argument 1: arg90
Argument 2: arg91
Argument 3: arg92
Finished tests for Module args...

Finished tests for Module args...

<end of output>
Test time =   0.00 sec
----------------------------------------------------------
Test Passed.
"TestModuleArgs" end time: Jan 22 15:12 UTC
"TestModuleArgs" time elapsed: 00:00:00
----------------------------------------------------------

2/4 Testing: TestModule_2
2/4 Test: TestModule_2
Command: "/home/runner/work/GK_Compilers_ModulesProject/GK_Compilers_ModulesProject/modules-template-project-main/build/tests/test_module_2"
Directory: /home/runner/work/GK_Compilers_ModulesProject/GK_Compilers_ModulesProject/modules-template-project-main/build/tests
"TestModule_2" start time: Jan 22 15:12 UTC
Output:
----------------------------------------------------------
Error opening output file ./logs/2026_01_22_17_12_test_module_2.log. Check if subdirectory exists, otherwise create it and run again
Machine remote time Generated log filename (with time stamp): ./logs/2026_01_22_15_12_test_module_2.log
Generated log filename (with time stamp): ./logs/2026_01_22_17_12_test_module_2.log
See log of execution in stdout (filename ./logs/2026_01_22_17_12_test_module_2.log)
See log of execution in stdout (filename ./logs/2026_01_22_17_12_test_module_2.log)
Running tests for Module 2: Fibonacci function
Testing Module 2: Fibonacci Function
Fibonacci negative test passed!: fig(-3) = -1
Fibonacci special case n = 0 test Passed!: fig(0) = 0
Fibonacci special case n = 1 test Passed!: fig(1) = 1
Fibonacci first successive case (n = 2) test Passed!: fig(2) = 1
Fibonacci successive n case test Passed!: fig(6) = 8
Fibonacci function tests passed!
Fibonacci Intentional mistake. If you see this message the test is commented out. Uncomment the assert to see mistake: fib(5) = 5 (and program will abort)
Finished tests for Module 2: Fibonacci function
Finished tests for Module 2: Fibonacci function

<end of output>
Test time =   0.00 sec
----------------------------------------------------------
Test Passed.
"TestModule_2" end time: Jan 22 15:12 UTC
"TestModule_2" time elapsed: 00:00:00
----------------------------------------------------------

3/4 Testing: TestErrors
3/4 Test: TestErrors
Command: "/home/runner/work/GK_Compilers_ModulesProject/GK_Compilers_ModulesProject/modules-template-project-main/build/tests/test_errors"
Directory: /home/runner/work/GK_Compilers_ModulesProject/GK_Compilers_ModulesProject/modules-template-project-main/build/tests
"TestErrors" start time: Jan 22 15:12 UTC
Output:
----------------------------------------------------------
Error opening output file ./logs/2026_01_22_17_12_test_errors.log. Check if subdirectory exists, otherwise create it and run again
Starting test_errors main...
Setting output file...
Machine remote time Generated log filename (with time stamp): ./logs/2026_01_22_15_12_test_errors.log
Generated log filename (with time stamp): ./logs/2026_01_22_17_12_test_errors.log
See log of execution in stdout (filename ./logs/2026_01_22_17_12_test_errors.log)
See log of execution in stdout (filename ./logs/2026_01_22_17_12_test_errors.log)
Error in test.c:42: This is a test error
Error in test.c:100: Validation failed for variable_x
Output file set. Running tests...
=== Test Run: Errors Module ===
Testing error reporting functionality...
Testing error reporting functionality...
Error reporting tests passed!
Error reporting tests passed!
=== Test Run Finished ===
<end of output>
Test time =   0.00 sec
----------------------------------------------------------
Test Passed.
"TestErrors" end time: Jan 22 15:12 UTC
"TestErrors" time elapsed: 00:00:00
----------------------------------------------------------

4/4 Testing: TestIO
4/4 Test: TestIO
Command: "/home/runner/work/GK_Compilers_ModulesProject/GK_Compilers_ModulesProject/modules-template-project-main/build/tests/test_io"
Directory: /home/runner/work/GK_Compilers_ModulesProject/GK_Compilers_ModulesProject/modules-template-project-main/build/tests
"TestIO" start time: Jan 22 15:12 UTC
Output:
----------------------------------------------------------
=== IO Module Test Suite ===

Test 1: io_read_file
  [PASS] Read file successfully
Test 2: io_write_file
  [PASS] Written file verified
Test 3: io_make_output_name (with extension)
  [PASS] Generated: myfile_pp.c
Test 4: io_make_output_name (no extension)
  [PASS] Generated: myfile
Test 5: io_make_output_name (multiple dots)
  [PASS] Generated: archive.tar_pp.gz
Test 6: Round-trip (read -> write -> read)
  [PASS] Round-trip successful

=== All IO tests passed! ===

<end of output>
Test time =   0.00 sec
----------------------------------------------------------
Test Passed.
"TestIO" end time: Jan 22 15:12 UTC
"TestIO" time elapsed: 00:00:00
----------------------------------------------------------

End testing: Jan 22 15:12 UTC
